Command line invocation:
    /Applications/Xcode.app/Contents/Developer/usr/bin/xcodebuild -project TintTrack.xcodeproj -scheme TintTrack -destination generic/platform=iOS -derivedDataPath build/DerivedData CODE_SIGNING_ALLOWED=NO CODE_SIGNING_REQUIRED=NO CODE_SIGNING_IDENTITY= build

Build settings from command line:
    CODE_SIGNING_ALLOWED = NO
    CODE_SIGNING_IDENTITY = 
    CODE_SIGNING_REQUIRED = NO

ComputePackagePrebuildTargetDependencyGraph

Prepare packages

CreateBuildRequest

SendProjectDescription

CreateBuildOperation

ComputeTargetDependencyGraph
note: Building targets in dependency order
note: Target dependency graph (1 target)
    Target 'TintTrack' in project 'TintTrack' (no dependencies)

GatherProvisioningInputs

CreateBuildDescription

ExecuteExternalTool /Applications/Xcode.app/Contents/Developer/Toolchains/XcodeDefault.xctoolchain/usr/bin/clang -v -E -dM -isysroot /Applications/Xcode.app/Contents/Developer/Platforms/iPhoneOS.platform/Developer/SDKs/iPhoneOS26.2.sdk -x c -c /dev/null

ExecuteExternalTool /Applications/Xcode.app/Contents/Developer/usr/bin/actool --print-asset-tag-combinations --output-format xml1 /Users/samviers/Desktop/tinttrack/TintTrack/Resources/Assets.xcassets

ExecuteExternalTool /Applications/Xcode.app/Contents/Developer/usr/bin/actool --version --output-format xml1

ExecuteExternalTool /Applications/Xcode.app/Contents/Developer/Toolchains/XcodeDefault.xctoolchain/usr/bin/swiftc --version

ExecuteExternalTool /Applications/Xcode.app/Contents/Developer/Toolchains/XcodeDefault.xctoolchain/usr/bin/ld -version_details

Build description signature: 3870a81134cd244b85cb752698cfa60d
Build description path: /Users/samviers/Desktop/tinttrack/build/DerivedData/Build/Intermediates.noindex/XCBuildData/3870a81134cd244b85cb752698cfa60d.xcbuilddata
ClangStatCache /Applications/Xcode.app/Contents/Developer/Toolchains/XcodeDefault.xctoolchain/usr/bin/clang-stat-cache /Applications/Xcode.app/Contents/Developer/Platforms/iPhoneOS.platform/Developer/SDKs/iPhoneOS26.2.sdk /Users/samviers/Desktop/tinttrack/build/DerivedData/SDKStatCaches.noindex/iphoneos26.2-23C53-3794476bd08197c3e2abd9bb477ef7f7.sdkstatcache
    cd /Users/samviers/Desktop/tinttrack/TintTrack.xcodeproj
    /Applications/Xcode.app/Contents/Developer/Toolchains/XcodeDefault.xctoolchain/usr/bin/clang-stat-cache /Applications/Xcode.app/Contents/Developer/Platforms/iPhoneOS.platform/Developer/SDKs/iPhoneOS26.2.sdk -o /Users/samviers/Desktop/tinttrack/build/DerivedData/SDKStatCaches.noindex/iphoneos26.2-23C53-3794476bd08197c3e2abd9bb477ef7f7.sdkstatcache

CreateBuildDirectory /Users/samviers/Desktop/tinttrack/build/DerivedData/Build/Products/Debug-iphoneos
    cd /Users/samviers/Desktop/tinttrack/TintTrack.xcodeproj
    builtin-create-build-directory /Users/samviers/Desktop/tinttrack/build/DerivedData/Build/Products/Debug-iphoneos

CreateBuildDirectory /Users/samviers/Desktop/tinttrack/build/DerivedData/Build/Intermediates.noindex/EagerLinkingTBDs/Debug-iphoneos
    cd /Users/samviers/Desktop/tinttrack/TintTrack.xcodeproj
    builtin-create-build-directory /Users/samviers/Desktop/tinttrack/build/DerivedData/Build/Intermediates.noindex/EagerLinkingTBDs/Debug-iphoneos

WriteAuxiliaryFile /Users/samviers/Desktop/tinttrack/build/DerivedData/Build/Intermediates.noindex/TintTrack.build/Debug-iphoneos/TintTrack-b57d44a0fd574e55c4122027334f47ef-VFS-iphoneos/all-product-headers.yaml
    cd /Users/samviers/Desktop/tinttrack/TintTrack.xcodeproj
    write-file /Users/samviers/Desktop/tinttrack/build/DerivedData/Build/Intermediates.noindex/TintTrack.build/Debug-iphoneos/TintTrack-b57d44a0fd574e55c4122027334f47ef-VFS-iphoneos/all-product-headers.yaml

WriteAuxiliaryFile /Users/samviers/Desktop/tinttrack/build/DerivedData/Build/Intermediates.noindex/TintTrack.build/Debug-iphoneos/TintTrack.build/TintTrack-all-target-headers.hmap (in target 'TintTrack' from project 'TintTrack')
    cd /Users/samviers/Desktop/tinttrack
    write-file /Users/samviers/Desktop/tinttrack/build/DerivedData/Build/Intermediates.noindex/TintTrack.build/Debug-iphoneos/TintTrack.build/TintTrack-all-target-headers.hmap

WriteAuxiliaryFile /Users/samviers/Desktop/tinttrack/build/DerivedData/Build/Intermediates.noindex/TintTrack.build/Debug-iphoneos/TintTrack.build/TintTrack.DependencyStaticMetadataFileList (in target 'TintTrack' from project 'TintTrack')
    cd /Users/samviers/Desktop/tinttrack
    write-file /Users/samviers/Desktop/tinttrack/build/DerivedData/Build/Intermediates.noindex/TintTrack.build/Debug-iphoneos/TintTrack.build/TintTrack.DependencyStaticMetadataFileList

WriteAuxiliaryFile /Users/samviers/Desktop/tinttrack/build/DerivedData/Build/Intermediates.noindex/TintTrack.build/Debug-iphoneos/TintTrack.build/TintTrack.DependencyMetadataFileList (in target 'TintTrack' from project 'TintTrack')
    cd /Users/samviers/Desktop/tinttrack
    write-file /Users/samviers/Desktop/tinttrack/build/DerivedData/Build/Intermediates.noindex/TintTrack.build/Debug-iphoneos/TintTrack.build/TintTrack.DependencyMetadataFileList

WriteAuxiliaryFile /Users/samviers/Desktop/tinttrack/build/DerivedData/Build/Intermediates.noindex/TintTrack.build/Debug-iphoneos/TintTrack.build/TintTrack-own-target-headers.hmap (in target 'TintTrack' from project 'TintTrack')
    cd /Users/samviers/Desktop/tinttrack
    write-file /Users/samviers/Desktop/tinttrack/build/DerivedData/Build/Intermediates.noindex/TintTrack.build/Debug-iphoneos/TintTrack.build/TintTrack-own-target-headers.hmap

WriteAuxiliaryFile /Users/samviers/Desktop/tinttrack/build/DerivedData/Build/Intermediates.noindex/TintTrack.build/Debug-iphoneos/TintTrack.build/TintTrack-generated-files.hmap (in target 'TintTrack' from project 'TintTrack')
    cd /Users/samviers/Desktop/tinttrack
    write-file /Users/samviers/Desktop/tinttrack/build/DerivedData/Build/Intermediates.noindex/TintTrack.build/Debug-iphoneos/TintTrack.build/TintTrack-generated-files.hmap

WriteAuxiliaryFile /Users/samviers/Desktop/tinttrack/build/DerivedData/Build/Intermediates.noindex/TintTrack.build/Debug-iphoneos/TintTrack.build/TintTrack.hmap (in target 'TintTrack' from project 'TintTrack')
    cd /Users/samviers/Desktop/tinttrack
    write-file /Users/samviers/Desktop/tinttrack/build/DerivedData/Build/Intermediates.noindex/TintTrack.build/Debug-iphoneos/TintTrack.build/TintTrack.hmap

WriteAuxiliaryFile /Users/samviers/Desktop/tinttrack/build/DerivedData/Build/Intermediates.noindex/TintTrack.build/Debug-iphoneos/TintTrack.build/TintTrack-project-headers.hmap (in target 'TintTrack' from project 'TintTrack')
    cd /Users/samviers/Desktop/tinttrack
    write-file /Users/samviers/Desktop/tinttrack/build/DerivedData/Build/Intermediates.noindex/TintTrack.build/Debug-iphoneos/TintTrack.build/TintTrack-project-headers.hmap

WriteAuxiliaryFile /Users/samviers/Desktop/tinttrack/build/DerivedData/Build/Intermediates.noindex/TintTrack.build/Debug-iphoneos/TintTrack.build/TintTrack-all-non-framework-target-headers.hmap (in target 'TintTrack' from project 'TintTrack')
    cd /Users/samviers/Desktop/tinttrack
    write-file /Users/samviers/Desktop/tinttrack/build/DerivedData/Build/Intermediates.noindex/TintTrack.build/Debug-iphoneos/TintTrack.build/TintTrack-all-non-framework-target-headers.hmap

WriteAuxiliaryFile /Users/samviers/Desktop/tinttrack/build/DerivedData/Build/Intermediates.noindex/TintTrack.build/Debug-iphoneos/TintTrack.build/TintTrack-DebugDylibPath-normal-arm64.txt (in target 'TintTrack' from project 'TintTrack')
    cd /Users/samviers/Desktop/tinttrack
    write-file /Users/samviers/Desktop/tinttrack/build/DerivedData/Build/Intermediates.noindex/TintTrack.build/Debug-iphoneos/TintTrack.build/TintTrack-DebugDylibPath-normal-arm64.txt

WriteAuxiliaryFile /Users/samviers/Desktop/tinttrack/build/DerivedData/Build/Intermediates.noindex/TintTrack.build/Debug-iphoneos/TintTrack.build/TintTrack-DebugDylibInstallName-normal-arm64.txt (in target 'TintTrack' from project 'TintTrack')
    cd /Users/samviers/Desktop/tinttrack
    write-file /Users/samviers/Desktop/tinttrack/build/DerivedData/Build/Intermediates.noindex/TintTrack.build/Debug-iphoneos/TintTrack.build/TintTrack-DebugDylibInstallName-normal-arm64.txt

WriteAuxiliaryFile /Users/samviers/Desktop/tinttrack/build/DerivedData/Build/Intermediates.noindex/TintTrack.build/Debug-iphoneos/TintTrack.build/Objects-normal/arm64/TintTrack.SwiftFileList (in target 'TintTrack' from project 'TintTrack')
    cd /Users/samviers/Desktop/tinttrack
    write-file /Users/samviers/Desktop/tinttrack/build/DerivedData/Build/Intermediates.noindex/TintTrack.build/Debug-iphoneos/TintTrack.build/Objects-normal/arm64/TintTrack.SwiftFileList

WriteAuxiliaryFile /Users/samviers/Desktop/tinttrack/build/DerivedData/Build/Intermediates.noindex/TintTrack.build/Debug-iphoneos/TintTrack.build/Objects-normal/arm64/TintTrack.SwiftConstValuesFileList (in target 'TintTrack' from project 'TintTrack')
    cd /Users/samviers/Desktop/tinttrack
    write-file /Users/samviers/Desktop/tinttrack/build/DerivedData/Build/Intermediates.noindex/TintTrack.build/Debug-iphoneos/TintTrack.build/Objects-normal/arm64/TintTrack.SwiftConstValuesFileList

WriteAuxiliaryFile /Users/samviers/Desktop/tinttrack/build/DerivedData/Build/Intermediates.noindex/TintTrack.build/Debug-iphoneos/TintTrack.build/Objects-normal/arm64/TintTrack_const_extract_protocols.json (in target 'TintTrack' from project 'TintTrack')
    cd /Users/samviers/Desktop/tinttrack
    write-file /Users/samviers/Desktop/tinttrack/build/DerivedData/Build/Intermediates.noindex/TintTrack.build/Debug-iphoneos/TintTrack.build/Objects-normal/arm64/TintTrack_const_extract_protocols.json

WriteAuxiliaryFile /Users/samviers/Desktop/tinttrack/build/DerivedData/Build/Intermediates.noindex/TintTrack.build/Debug-iphoneos/TintTrack.build/Objects-normal/arm64/TintTrack.LinkFileList (in target 'TintTrack' from project 'TintTrack')
    cd /Users/samviers/Desktop/tinttrack
    write-file /Users/samviers/Desktop/tinttrack/build/DerivedData/Build/Intermediates.noindex/TintTrack.build/Debug-iphoneos/TintTrack.build/Objects-normal/arm64/TintTrack.LinkFileList

WriteAuxiliaryFile /Users/samviers/Desktop/tinttrack/build/DerivedData/Build/Intermediates.noindex/TintTrack.build/Debug-iphoneos/TintTrack.build/Objects-normal/arm64/TintTrack-OutputFileMap.json (in target 'TintTrack' from project 'TintTrack')
    cd /Users/samviers/Desktop/tinttrack
    write-file /Users/samviers/Desktop/tinttrack/build/DerivedData/Build/Intermediates.noindex/TintTrack.build/Debug-iphoneos/TintTrack.build/Objects-normal/arm64/TintTrack-OutputFileMap.json

MkDir /Users/samviers/Desktop/tinttrack/build/DerivedData/Build/Products/Debug-iphoneos/TintTrack.app (in target 'TintTrack' from project 'TintTrack')
    cd /Users/samviers/Desktop/tinttrack
    /bin/mkdir -p /Users/samviers/Desktop/tinttrack/build/DerivedData/Build/Products/Debug-iphoneos/TintTrack.app

Ld /Users/samviers/Desktop/tinttrack/build/DerivedData/Build/Products/Debug-iphoneos/TintTrack.app/__preview.dylib normal (in target 'TintTrack' from project 'TintTrack')
    cd /Users/samviers/Desktop/tinttrack
    /Applications/Xcode.app/Contents/Developer/Toolchains/XcodeDefault.xctoolchain/usr/bin/clang -Xlinker -reproducible -target arm64-apple-ios18.0 -dynamiclib -isysroot /Applications/Xcode.app/Contents/Developer/Platforms/iPhoneOS.platform/Developer/SDKs/iPhoneOS26.2.sdk -O0 -L/Users/samviers/Desktop/tinttrack/build/DerivedData/Build/Products/Debug-iphoneos -F/Users/samviers/Desktop/tinttrack/build/DerivedData/Build/Products/Debug-iphoneos -install_name @rpath/TintTrack.debug.dylib -dead_strip -rdynamic -Xlinker -no_deduplicate -Xlinker -debug_variant -Xlinker -dependency_info -Xlinker /Users/samviers/Desktop/tinttrack/build/DerivedData/Build/Intermediates.noindex/TintTrack.build/Debug-iphoneos/TintTrack.build/Objects-normal/arm64/TintTrack_dependency_info.dat -o /Users/samviers/Desktop/tinttrack/build/DerivedData/Build/Products/Debug-iphoneos/TintTrack.app/__preview.dylib

CpResource /Users/samviers/Desktop/tinttrack/build/DerivedData/Build/Products/Debug-iphoneos/TintTrack.app/PrivacyInfo.xcprivacy /Users/samviers/Desktop/tinttrack/TintTrack/Resources/PrivacyInfo.xcprivacy (in target 'TintTrack' from project 'TintTrack')
    cd /Users/samviers/Desktop/tinttrack
    builtin-copy -exclude .DS_Store -exclude CVS -exclude .svn -exclude .git -exclude .hg -resolve-src-symlinks /Users/samviers/Desktop/tinttrack/TintTrack/Resources/PrivacyInfo.xcprivacy /Users/samviers/Desktop/tinttrack/build/DerivedData/Build/Products/Debug-iphoneos/TintTrack.app

MkDir /Users/samviers/Desktop/tinttrack/build/DerivedData/Build/Intermediates.noindex/TintTrack.build/Debug-iphoneos/TintTrack.build/assetcatalog_output/thinned (in target 'TintTrack' from project 'TintTrack')
    cd /Users/samviers/Desktop/tinttrack
    /bin/mkdir -p /Users/samviers/Desktop/tinttrack/build/DerivedData/Build/Intermediates.noindex/TintTrack.build/Debug-iphoneos/TintTrack.build/assetcatalog_output/thinned

MkDir /Users/samviers/Desktop/tinttrack/build/DerivedData/Build/Intermediates.noindex/TintTrack.build/Debug-iphoneos/TintTrack.build/assetcatalog_output/unthinned (in target 'TintTrack' from project 'TintTrack')
    cd /Users/samviers/Desktop/tinttrack
    /bin/mkdir -p /Users/samviers/Desktop/tinttrack/build/DerivedData/Build/Intermediates.noindex/TintTrack.build/Debug-iphoneos/TintTrack.build/assetcatalog_output/unthinned

GenerateAssetSymbols /Users/samviers/Desktop/tinttrack/TintTrack/Resources/Assets.xcassets (in target 'TintTrack' from project 'TintTrack')
    cd /Users/samviers/Desktop/tinttrack
    /Applications/Xcode.app/Contents/Developer/usr/bin/actool /Users/samviers/Desktop/tinttrack/TintTrack/Resources/Assets.xcassets --compile /Users/samviers/Desktop/tinttrack/build/DerivedData/Build/Products/Debug-iphoneos/TintTrack.app --output-format human-readable-text --notices --warnings --export-dependency-info /Users/samviers/Desktop/tinttrack/build/DerivedData/Build/Intermediates.noindex/TintTrack.build/Debug-iphoneos/TintTrack.build/assetcatalog_dependencies --output-partial-info-plist /Users/samviers/Desktop/tinttrack/build/DerivedData/Build/Intermediates.noindex/TintTrack.build/Debug-iphoneos/TintTrack.build/assetcatalog_generated_info.plist --app-icon AppIcon --accent-color AccentColor --compress-pngs --enable-on-demand-resources YES --development-region en --target-device iphone --target-device ipad --minimum-deployment-target 18.0 --platform iphoneos --bundle-identifier com.yourcompany.tinttrack --generate-swift-asset-symbol-extensions NO --generate-swift-asset-symbols /Users/samviers/Desktop/tinttrack/build/DerivedData/Build/Intermediates.noindex/TintTrack.build/Debug-iphoneos/TintTrack.build/DerivedSources/GeneratedAssetSymbols.swift --generate-objc-asset-symbols /Users/samviers/Desktop/tinttrack/build/DerivedData/Build/Intermediates.noindex/TintTrack.build/Debug-iphoneos/TintTrack.build/DerivedSources/GeneratedAssetSymbols.h --generate-asset-symbol-index /Users/samviers/Desktop/tinttrack/build/DerivedData/Build/Intermediates.noindex/TintTrack.build/Debug-iphoneos/TintTrack.build/DerivedSources/GeneratedAssetSymbols-Index.plist
2026-01-14 00:32:16.257 ibtoold[89294:1042449] CoreSimulatorService connection became invalid.  Simulator services will no longer be available.
2026-01-14 00:32:16.259 ibtoold[89294:1042462] Logging connecton invalid: <OS_xpc_error: <dictionary: 0x1f6ef40d0> { count = 1, transaction: 0, voucher = 0x0, contents =
	"XPCErrorDescription" => <string: 0x1f6ef4218> { string cache = 0x0, length = 18, contents = "Connection invalid" }
}>
2026-01-14 00:32:16.260 ibtoold[89294:1042462] Error opening log file (/Users/samviers/Library/Logs/CoreSimulator/CoreSimulator.com.apple.ibtool.log): Operation not permitted
[-[SimServiceContext sendRequest:]:1743] ERROR : Unable to deliver request ({
    "developer_dir" = "/Applications/Xcode.app/Contents/Developer";
    request = "set_developer_dir";
}) because we are not connected to CoreSimulatorService.
[-[SimServiceContext initWithDeveloperDir:connectionType:error:]:450] WARN  : Unable to discover any Simulator runtimes. Developer Directory is /Applications/Xcode.app/Contents/Developer.
[-[SimDiskImageManager init]:175] ERROR : Could not kickstart simdiskimaged; SimDiskImageManager services will not be available: Error Domain=NSPOSIXErrorDomain Code=53 "Software caused connection abort" UserInfo={NSLocalizedDescription=Error returned in reply from CoreSimulatorService: Connection invalid}
[-[SimDiskImageManager _onQueue_checkConnection:]:239] ERROR : simdiskimaged returned error (invalid), marking disconnected.
[-[SimDiskImageManager _onQueue_checkConnection:]:239] ERROR : simdiskimaged returned error (invalid), marking disconnected.
[-[SimServiceContext initWithDeveloperDir:connectionType:error:]_block_invoke:486] ERROR : Could not get list of trusted mount directories: Error Domain=com.apple.CoreSimulator.SimError Code=410 "The service used to manage runtime disk images (simdiskimaged) crashed or is not responding" UserInfo={NSLocalizedDescription=The service used to manage runtime disk images (simdiskimaged) crashed or is not responding}
[-[SimServiceContext sendRequest:reply:error:]:1763] ERROR : Unable to deliver request ({
    request = "notification_subscription";
    "set_path" = "/Users/samviers/Library/Developer/CoreSimulator/Devices";
}) because we are not connected to CoreSimulatorService.
2026-01-14 00:32:16.336 ibtoold[89294:1042430] Error Domain=NSPOSIXErrorDomain Code=61 "Connection refused" UserInfo={NSLocalizedDescription=CoreSimulatorService connection became invalid.  Simulator services will no longer be available.}
/* com.apple.actool.compilation-results */
/Users/samviers/Desktop/tinttrack/build/DerivedData/Build/Intermediates.noindex/TintTrack.build/Debug-iphoneos/TintTrack.build/DerivedSources/GeneratedAssetSymbols-Index.plist
/Users/samviers/Desktop/tinttrack/build/DerivedData/Build/Intermediates.noindex/TintTrack.build/Debug-iphoneos/TintTrack.build/DerivedSources/GeneratedAssetSymbols.h
/Users/samviers/Desktop/tinttrack/build/DerivedData/Build/Intermediates.noindex/TintTrack.build/Debug-iphoneos/TintTrack.build/DerivedSources/GeneratedAssetSymbols.swift


CompileAssetCatalogVariant thinned /Users/samviers/Desktop/tinttrack/build/DerivedData/Build/Products/Debug-iphoneos/TintTrack.app /Users/samviers/Desktop/tinttrack/TintTrack/Resources/Assets.xcassets (in target 'TintTrack' from project 'TintTrack')
    cd /Users/samviers/Desktop/tinttrack
    /Applications/Xcode.app/Contents/Developer/usr/bin/actool /Users/samviers/Desktop/tinttrack/TintTrack/Resources/Assets.xcassets --compile /Users/samviers/Desktop/tinttrack/build/DerivedData/Build/Intermediates.noindex/TintTrack.build/Debug-iphoneos/TintTrack.build/assetcatalog_output/thinned --output-format human-readable-text --notices --warnings --export-dependency-info /Users/samviers/Desktop/tinttrack/build/DerivedData/Build/Intermediates.noindex/TintTrack.build/Debug-iphoneos/TintTrack.build/assetcatalog_dependencies_thinned --output-partial-info-plist /Users/samviers/Desktop/tinttrack/build/DerivedData/Build/Intermediates.noindex/TintTrack.build/Debug-iphoneos/TintTrack.build/assetcatalog_generated_info.plist_thinned --app-icon AppIcon --accent-color AccentColor --compress-pngs --enable-on-demand-resources YES --development-region en --target-device iphone --target-device ipad --minimum-deployment-target 18.0 --platform iphoneos
2026-01-14 00:32:16.257 ibtoold[89295:1042434] CoreSimulatorService connection became invalid.  Simulator services will no longer be available.
2026-01-14 00:32:16.259 ibtoold[89295:1042463] Logging connecton invalid: <OS_xpc_error: <dictionary: 0x1f6ef40d0> { count = 1, transaction: 0, voucher = 0x0, contents =
	"XPCErrorDescription" => <string: 0x1f6ef4218> { string cache = 0x0, length = 18, contents = "Connection invalid" }
}>
2026-01-14 00:32:16.260 ibtoold[89295:1042461] Error opening log file (/Users/samviers/Library/Logs/CoreSimulator/CoreSimulator.com.apple.ibtool.log): Operation not permitted
[-[SimServiceContext sendRequest:]:1743] ERROR : Unable to deliver request ({
    "developer_dir" = "/Applications/Xcode.app/Contents/Developer";
    request = "set_developer_dir";
}) because we are not connected to CoreSimulatorService.
[-[SimServiceContext initWithDeveloperDir:connectionType:error:]:450] WARN  : Unable to discover any Simulator runtimes. Developer Directory is /Applications/Xcode.app/Contents/Developer.
[-[SimDiskImageManager init]:175] ERROR : Could not kickstart simdiskimaged; SimDiskImageManager services will not be available: Error Domain=NSPOSIXErrorDomain Code=53 "Software caused connection abort" UserInfo={NSLocalizedDescription=Error returned in reply from CoreSimulatorService: Connection invalid}
[-[SimDiskImageManager _onQueue_checkConnection:]:239] ERROR : simdiskimaged returned error (invalid), marking disconnected.
[-[SimDiskImageManager _onQueue_checkConnection:]:239] ERROR : simdiskimaged returned error (invalid), marking disconnected.
[-[SimServiceContext initWithDeveloperDir:connectionType:error:]_block_invoke:486] ERROR : Could not get list of trusted mount directories: Error Domain=com.apple.CoreSimulator.SimError Code=410 "The service used to manage runtime disk images (simdiskimaged) crashed or is not responding" UserInfo={NSLocalizedDescription=The service used to manage runtime disk images (simdiskimaged) crashed or is not responding}
2026-01-14 00:32:16.336 ibtoold[89295:1042433] Error Domain=NSPOSIXErrorDomain Code=61 "Connection refused" UserInfo={NSLocalizedDescription=CoreSimulatorService connection became invalid.  Simulator services will no longer be available.}
[-[SimServiceContext sendRequest:reply:error:]:1763] ERROR : Unable to deliver request ({
    request = "notification_subscription";
    "set_path" = "/Users/samviers/Library/Developer/CoreSimulator/Devices";
}) because we are not connected to CoreSimulatorService.
[-[SimServiceContext sendRequest:]:1743] ERROR : Unable to deliver request ({
    "developer_dir" = "/Applications/Xcode.app/Contents/Developer";
    request = "set_developer_dir";
}) because we are not connected to CoreSimulatorService.
2026-01-14 00:32:16.593 ibtoold[89295:1042486] CoreSimulatorService connection became invalid.  Simulator services will no longer be available.
[-[SimServiceContext initWithDeveloperDir:connectionType:error:]:450] WARN  : Unable to discover any Simulator runtimes. Developer Directory is /Applications/Xcode.app/Contents/Developer.
[-[SimDiskImageManager _onQueue_checkConnection:]:219] ERROR : simdiskimaged connection is currently unavailable because connection became invalid
[-[SimServiceContext initWithDeveloperDir:connectionType:error:]_block_invoke:486] ERROR : Could not get list of trusted mount directories: Error Domain=com.apple.CoreSimulator.SimError Code=409 "Cannot talk to the service used to manage runtime disk images (simdiskimaged) because its launchd job is not registered or was unloaded" UserInfo={NSLocalizedDescription=Cannot talk to the service used to manage runtime disk images (simdiskimaged) because its launchd job is not registered or was unloaded}
[-[SimServiceContext sendRequest:]:1743] ERROR : Unable to deliver request ({
    path = "/Applications/Xcode.app/Contents/PlugIns/IDEInterfaceBuilderiOSIntegration.ideplugin/Contents/Resources";
    request = "add_profiles";
}) because we are not connected to CoreSimulatorService.
[-[SimServiceContext sendRequest:]:1743] ERROR : Unable to deliver request ({
    path = "/Applications/Xcode.app/Contents/Developer/Platforms/AppleTVSimulator.platform/Developer/Library/Xcode/PrivatePlugIns/IDEInterfaceBuilderAppleTVIntegration.framework/Resources";
    request = "add_profiles";
}) because we are not connected to CoreSimulatorService.
/* com.apple.actool.errors */
/Users/samviers/Desktop/tinttrack/TintTrack/Resources/Assets.xcassets: error: No available simulator runtimes for platform iphonesimulator. SimServiceContext supportedRuntimes=[]
/* com.apple.actool.document.notices */
/Users/samviers/Desktop/tinttrack/TintTrack/Resources/Assets.xcassets:./AppIcon.appiconset/[][ipad][76x76][][][1x][][][][]: notice: 76x76@1x app icons only apply to iPad apps targeting releases of iOS prior to 10.0.
/* com.apple.actool.compilation-results */
/Users/samviers/Desktop/tinttrack/build/DerivedData/Build/Intermediates.noindex/TintTrack.build/Debug-iphoneos/TintTrack.build/assetcatalog_generated_info.plist_thinned
/Users/samviers/Desktop/tinttrack/build/DerivedData/Build/Intermediates.noindex/TintTrack.build/Debug-iphoneos/TintTrack.build/assetcatalog_output/thinned/AppIcon60x60@2x.png
/Users/samviers/Desktop/tinttrack/build/DerivedData/Build/Intermediates.noindex/TintTrack.build/Debug-iphoneos/TintTrack.build/assetcatalog_output/thinned/AppIcon76x76@2x~ipad.png


SwiftDriver TintTrack normal arm64 com.apple.xcode.tools.swift.compiler (in target 'TintTrack' from project 'TintTrack')
    cd /Users/samviers/Desktop/tinttrack
    builtin-SwiftDriver -- /Applications/Xcode.app/Contents/Developer/Toolchains/XcodeDefault.xctoolchain/usr/bin/swiftc -module-name TintTrack -Onone -enforce-exclusivity\=checked @/Users/samviers/Desktop/tinttrack/build/DerivedData/Build/Intermediates.noindex/TintTrack.build/Debug-iphoneos/TintTrack.build/Objects-normal/arm64/TintTrack.SwiftFileList -DDEBUG -enable-experimental-feature DebugDescriptionMacro -sdk /Applications/Xcode.app/Contents/Developer/Platforms/iPhoneOS.platform/Developer/SDKs/iPhoneOS26.2.sdk -target arm64-apple-ios18.0 -g -module-cache-path /Users/samviers/Desktop/tinttrack/build/DerivedData/ModuleCache.noindex -Xfrontend -serialize-debugging-options -profile-coverage-mapping -profile-generate -enable-testing -index-store-path /Users/samviers/Desktop/tinttrack/build/DerivedData/Index.noindex/DataStore -Xcc -D_LIBCPP_HARDENING_MODE\=_LIBCPP_HARDENING_MODE_DEBUG -swift-version 6 -I /Users/samviers/Desktop/tinttrack/build/DerivedData/Build/Products/Debug-iphoneos -F /Users/samviers/Desktop/tinttrack/build/DerivedData/Build/Products/Debug-iphoneos -c -j8 -enable-batch-mode -incremental -Xcc -ivfsstatcache -Xcc /Users/samviers/Desktop/tinttrack/build/DerivedData/SDKStatCaches.noindex/iphoneos26.2-23C53-3794476bd08197c3e2abd9bb477ef7f7.sdkstatcache -output-file-map /Users/samviers/Desktop/tinttrack/build/DerivedData/Build/Intermediates.noindex/TintTrack.build/Debug-iphoneos/TintTrack.build/Objects-normal/arm64/TintTrack-OutputFileMap.json -use-frontend-parseable-output -save-temps -no-color-diagnostics -explicit-module-build -module-cache-path /Users/samviers/Desktop/tinttrack/build/DerivedData/Build/Intermediates.noindex/SwiftExplicitPrecompiledModules -clang-scanner-module-cache-path /Users/samviers/Desktop/tinttrack/build/DerivedData/ModuleCache.noindex -sdk-module-cache-path /Users/samviers/Desktop/tinttrack/build/DerivedData/ModuleCache.noindex -serialize-diagnostics -emit-dependencies -emit-module -emit-module-path /Users/samviers/Desktop/tinttrack/build/DerivedData/Build/Intermediates.noindex/TintTrack.build/Debug-iphoneos/TintTrack.build/Objects-normal/arm64/TintTrack.swiftmodule -validate-clang-modules-once -clang-build-session-file /Users/samviers/Desktop/tinttrack/build/DerivedData/ModuleCache.noindex/Session.modulevalidation -Xcc -I/Users/samviers/Desktop/tinttrack/build/DerivedData/Build/Intermediates.noindex/TintTrack.build/Debug-iphoneos/TintTrack.build/swift-overrides.hmap -emit-const-values -Xfrontend -const-gather-protocols-file -Xfrontend /Users/samviers/Desktop/tinttrack/build/DerivedData/Build/Intermediates.noindex/TintTrack.build/Debug-iphoneos/TintTrack.build/Objects-normal/arm64/TintTrack_const_extract_protocols.json -Xcc -iquote -Xcc /Users/samviers/Desktop/tinttrack/build/DerivedData/Build/Intermediates.noindex/TintTrack.build/Debug-iphoneos/TintTrack.build/TintTrack-generated-files.hmap -Xcc -I/Users/samviers/Desktop/tinttrack/build/DerivedData/Build/Intermediates.noindex/TintTrack.build/Debug-iphoneos/TintTrack.build/TintTrack-own-target-headers.hmap -Xcc -I/Users/samviers/Desktop/tinttrack/build/DerivedData/Build/Intermediates.noindex/TintTrack.build/Debug-iphoneos/TintTrack.build/TintTrack-all-target-headers.hmap -Xcc -iquote -Xcc /Users/samviers/Desktop/tinttrack/build/DerivedData/Build/Intermediates.noindex/TintTrack.build/Debug-iphoneos/TintTrack.build/TintTrack-project-headers.hmap -Xcc -I/Users/samviers/Desktop/tinttrack/build/DerivedData/Build/Products/Debug-iphoneos/include -Xcc -I/Users/samviers/Desktop/tinttrack/build/DerivedData/Build/Intermediates.noindex/TintTrack.build/Debug-iphoneos/TintTrack.build/DerivedSources-normal/arm64 -Xcc -I/Users/samviers/Desktop/tinttrack/build/DerivedData/Build/Intermediates.noindex/TintTrack.build/Debug-iphoneos/TintTrack.build/DerivedSources/arm64 -Xcc -I/Users/samviers/Desktop/tinttrack/build/DerivedData/Build/Intermediates.noindex/TintTrack.build/Debug-iphoneos/TintTrack.build/DerivedSources -Xcc -DDEBUG\=1 -emit-objc-header -emit-objc-header-path /Users/samviers/Desktop/tinttrack/build/DerivedData/Build/Intermediates.noindex/TintTrack.build/Debug-iphoneos/TintTrack.build/Objects-normal/arm64/TintTrack-Swift.h -working-directory /Users/samviers/Desktop/tinttrack -experimental-emit-module-separately -disable-cmo

