Command line invocation:
    /Applications/Xcode.app/Contents/Developer/usr/bin/xcodebuild -project TintTrack.xcodeproj -scheme TintTrack -sdk iphoneos -destination generic/platform=iOS -derivedDataPath build/DerivedData CODE_SIGNING_ALLOWED=NO CODE_SIGNING_REQUIRED=NO CODE_SIGNING_IDENTITY= SUPPORTED_PLATFORMS=iphoneos build

Build settings from command line:
    CODE_SIGNING_ALLOWED = NO
    CODE_SIGNING_IDENTITY = 
    CODE_SIGNING_REQUIRED = NO
    SDKROOT = iphoneos26.2
    SUPPORTED_PLATFORMS = iphoneos

ComputePackagePrebuildTargetDependencyGraph

Prepare packages

CreateBuildRequest

SendProjectDescription

CreateBuildOperation

ComputeTargetDependencyGraph
note: Building targets in dependency order
note: Target dependency graph (1 target)
    Target 'TintTrack' in project 'TintTrack' (no dependencies)

GatherProvisioningInputs

CreateBuildDescription

ExecuteExternalTool /Applications/Xcode.app/Contents/Developer/Toolchains/XcodeDefault.xctoolchain/usr/bin/clang -v -E -dM -isysroot /Applications/Xcode.app/Contents/Developer/Platforms/iPhoneOS.platform/Developer/SDKs/iPhoneOS26.2.sdk -x c -c /dev/null

ExecuteExternalTool /Applications/Xcode.app/Contents/Developer/Toolchains/XcodeDefault.xctoolchain/usr/bin/swiftc --version

ExecuteExternalTool /Applications/Xcode.app/Contents/Developer/Toolchains/XcodeDefault.xctoolchain/usr/bin/ld -version_details

Build description signature: b541e3c875a0e99d7014af4e1eb98069
Build description path: /Users/samviers/Desktop/tinttrack/build/DerivedData/Build/Intermediates.noindex/XCBuildData/b541e3c875a0e99d7014af4e1eb98069.xcbuilddata
ClangStatCache /Applications/Xcode.app/Contents/Developer/Toolchains/XcodeDefault.xctoolchain/usr/bin/clang-stat-cache /Applications/Xcode.app/Contents/Developer/Platforms/iPhoneOS.platform/Developer/SDKs/iPhoneOS26.2.sdk /Users/samviers/Desktop/tinttrack/build/DerivedData/SDKStatCaches.noindex/iphoneos26.2-23C53-3794476bd08197c3e2abd9bb477ef7f7.sdkstatcache
    cd /Users/samviers/Desktop/tinttrack/TintTrack.xcodeproj
    /Applications/Xcode.app/Contents/Developer/Toolchains/XcodeDefault.xctoolchain/usr/bin/clang-stat-cache /Applications/Xcode.app/Contents/Developer/Platforms/iPhoneOS.platform/Developer/SDKs/iPhoneOS26.2.sdk -o /Users/samviers/Desktop/tinttrack/build/DerivedData/SDKStatCaches.noindex/iphoneos26.2-23C53-3794476bd08197c3e2abd9bb477ef7f7.sdkstatcache

WriteAuxiliaryFile /Users/samviers/Desktop/tinttrack/build/DerivedData/Build/Intermediates.noindex/TintTrack.build/Debug-iphoneos/TintTrack.build/Objects-normal/arm64/TintTrack.SwiftConstValuesFileList (in target 'TintTrack' from project 'TintTrack')
    cd /Users/samviers/Desktop/tinttrack
    write-file /Users/samviers/Desktop/tinttrack/build/DerivedData/Build/Intermediates.noindex/TintTrack.build/Debug-iphoneos/TintTrack.build/Objects-normal/arm64/TintTrack.SwiftConstValuesFileList

WriteAuxiliaryFile /Users/samviers/Desktop/tinttrack/build/DerivedData/Build/Intermediates.noindex/TintTrack.build/Debug-iphoneos/TintTrack.build/Objects-normal/arm64/TintTrack-OutputFileMap.json (in target 'TintTrack' from project 'TintTrack')
    cd /Users/samviers/Desktop/tinttrack
    write-file /Users/samviers/Desktop/tinttrack/build/DerivedData/Build/Intermediates.noindex/TintTrack.build/Debug-iphoneos/TintTrack.build/Objects-normal/arm64/TintTrack-OutputFileMap.json

WriteAuxiliaryFile /Users/samviers/Desktop/tinttrack/build/DerivedData/Build/Intermediates.noindex/TintTrack.build/Debug-iphoneos/TintTrack.build/Objects-normal/arm64/TintTrack.LinkFileList (in target 'TintTrack' from project 'TintTrack')
    cd /Users/samviers/Desktop/tinttrack
    write-file /Users/samviers/Desktop/tinttrack/build/DerivedData/Build/Intermediates.noindex/TintTrack.build/Debug-iphoneos/TintTrack.build/Objects-normal/arm64/TintTrack.LinkFileList

WriteAuxiliaryFile /Users/samviers/Desktop/tinttrack/build/DerivedData/Build/Intermediates.noindex/TintTrack.build/Debug-iphoneos/TintTrack.build/Objects-normal/arm64/TintTrack.SwiftFileList (in target 'TintTrack' from project 'TintTrack')
    cd /Users/samviers/Desktop/tinttrack
    write-file /Users/samviers/Desktop/tinttrack/build/DerivedData/Build/Intermediates.noindex/TintTrack.build/Debug-iphoneos/TintTrack.build/Objects-normal/arm64/TintTrack.SwiftFileList

ProcessInfoPlistFile /Users/samviers/Desktop/tinttrack/build/DerivedData/Build/Products/Debug-iphoneos/TintTrack.app/Info.plist /Users/samviers/Desktop/tinttrack/TintTrack/Info.plist (in target 'TintTrack' from project 'TintTrack')
    cd /Users/samviers/Desktop/tinttrack
    builtin-infoPlistUtility /Users/samviers/Desktop/tinttrack/TintTrack/Info.plist -producttype com.apple.product-type.application -genpkginfo /Users/samviers/Desktop/tinttrack/build/DerivedData/Build/Products/Debug-iphoneos/TintTrack.app/PkgInfo -expandbuildsettings -format binary -platform iphoneos -requiredArchitecture arm64 -o /Users/samviers/Desktop/tinttrack/build/DerivedData/Build/Products/Debug-iphoneos/TintTrack.app/Info.plist

SwiftDriver TintTrack normal arm64 com.apple.xcode.tools.swift.compiler (in target 'TintTrack' from project 'TintTrack')
    cd /Users/samviers/Desktop/tinttrack
    builtin-SwiftDriver -- /Applications/Xcode.app/Contents/Developer/Toolchains/XcodeDefault.xctoolchain/usr/bin/swiftc -module-name TintTrack -Onone -enforce-exclusivity\=checked @/Users/samviers/Desktop/tinttrack/build/DerivedData/Build/Intermediates.noindex/TintTrack.build/Debug-iphoneos/TintTrack.build/Objects-normal/arm64/TintTrack.SwiftFileList -DDEBUG -enable-experimental-feature DebugDescriptionMacro -sdk /Applications/Xcode.app/Contents/Developer/Platforms/iPhoneOS.platform/Developer/SDKs/iPhoneOS26.2.sdk -target arm64-apple-ios18.0 -g -module-cache-path /Users/samviers/Desktop/tinttrack/build/DerivedData/ModuleCache.noindex -Xfrontend -serialize-debugging-options -profile-coverage-mapping -profile-generate -enable-testing -index-store-path /Users/samviers/Desktop/tinttrack/build/DerivedData/Index.noindex/DataStore -Xcc -D_LIBCPP_HARDENING_MODE\=_LIBCPP_HARDENING_MODE_DEBUG -swift-version 6 -I /Users/samviers/Desktop/tinttrack/build/DerivedData/Build/Products/Debug-iphoneos -F /Users/samviers/Desktop/tinttrack/build/DerivedData/Build/Products/Debug-iphoneos -c -j8 -enable-batch-mode -incremental -Xcc -ivfsstatcache -Xcc /Users/samviers/Desktop/tinttrack/build/DerivedData/SDKStatCaches.noindex/iphoneos26.2-23C53-3794476bd08197c3e2abd9bb477ef7f7.sdkstatcache -output-file-map /Users/samviers/Desktop/tinttrack/build/DerivedData/Build/Intermediates.noindex/TintTrack.build/Debug-iphoneos/TintTrack.build/Objects-normal/arm64/TintTrack-OutputFileMap.json -use-frontend-parseable-output -save-temps -no-color-diagnostics -explicit-module-build -module-cache-path /Users/samviers/Desktop/tinttrack/build/DerivedData/Build/Intermediates.noindex/SwiftExplicitPrecompiledModules -clang-scanner-module-cache-path /Users/samviers/Desktop/tinttrack/build/DerivedData/ModuleCache.noindex -sdk-module-cache-path /Users/samviers/Desktop/tinttrack/build/DerivedData/ModuleCache.noindex -serialize-diagnostics -emit-dependencies -emit-module -emit-module-path /Users/samviers/Desktop/tinttrack/build/DerivedData/Build/Intermediates.noindex/TintTrack.build/Debug-iphoneos/TintTrack.build/Objects-normal/arm64/TintTrack.swiftmodule -validate-clang-modules-once -clang-build-session-file /Users/samviers/Desktop/tinttrack/build/DerivedData/ModuleCache.noindex/Session.modulevalidation -Xcc -I/Users/samviers/Desktop/tinttrack/build/DerivedData/Build/Intermediates.noindex/TintTrack.build/Debug-iphoneos/TintTrack.build/swift-overrides.hmap -emit-const-values -Xfrontend -const-gather-protocols-file -Xfrontend /Users/samviers/Desktop/tinttrack/build/DerivedData/Build/Intermediates.noindex/TintTrack.build/Debug-iphoneos/TintTrack.build/Objects-normal/arm64/TintTrack_const_extract_protocols.json -Xcc -iquote -Xcc /Users/samviers/Desktop/tinttrack/build/DerivedData/Build/Intermediates.noindex/TintTrack.build/Debug-iphoneos/TintTrack.build/TintTrack-generated-files.hmap -Xcc -I/Users/samviers/Desktop/tinttrack/build/DerivedData/Build/Intermediates.noindex/TintTrack.build/Debug-iphoneos/TintTrack.build/TintTrack-own-target-headers.hmap -Xcc -I/Users/samviers/Desktop/tinttrack/build/DerivedData/Build/Intermediates.noindex/TintTrack.build/Debug-iphoneos/TintTrack.build/TintTrack-all-target-headers.hmap -Xcc -iquote -Xcc /Users/samviers/Desktop/tinttrack/build/DerivedData/Build/Intermediates.noindex/TintTrack.build/Debug-iphoneos/TintTrack.build/TintTrack-project-headers.hmap -Xcc -I/Users/samviers/Desktop/tinttrack/build/DerivedData/Build/Products/Debug-iphoneos/include -Xcc -I/Users/samviers/Desktop/tinttrack/build/DerivedData/Build/Intermediates.noindex/TintTrack.build/Debug-iphoneos/TintTrack.build/DerivedSources-normal/arm64 -Xcc -I/Users/samviers/Desktop/tinttrack/build/DerivedData/Build/Intermediates.noindex/TintTrack.build/Debug-iphoneos/TintTrack.build/DerivedSources/arm64 -Xcc -I/Users/samviers/Desktop/tinttrack/build/DerivedData/Build/Intermediates.noindex/TintTrack.build/Debug-iphoneos/TintTrack.build/DerivedSources -Xcc -DDEBUG\=1 -emit-objc-header -emit-objc-header-path /Users/samviers/Desktop/tinttrack/build/DerivedData/Build/Intermediates.noindex/TintTrack.build/Debug-iphoneos/TintTrack.build/Objects-normal/arm64/TintTrack-Swift.h -working-directory /Users/samviers/Desktop/tinttrack -experimental-emit-module-separately -disable-cmo

SwiftCompile normal arm64 Compiling\ AddFormulaLineItemView.swift,\ AdjustStockView.swift /Users/samviers/Desktop/tinttrack/TintTrack/Features/Clients/AddFormulaLineItemView.swift /Users/samviers/Desktop/tinttrack/TintTrack/Features/Inventory/AdjustStockView.swift (in target 'TintTrack' from project 'TintTrack')

SwiftCompile normal arm64 /Users/samviers/Desktop/tinttrack/TintTrack/Features/Clients/AddFormulaLineItemView.swift (in target 'TintTrack' from project 'TintTrack')
    cd /Users/samviers/Desktop/tinttrack
    

SwiftCompile normal arm64 /Users/samviers/Desktop/tinttrack/TintTrack/Features/Inventory/AdjustStockView.swift (in target 'TintTrack' from project 'TintTrack')
    cd /Users/samviers/Desktop/tinttrack
    

SwiftCompile normal arm64 Compiling\ InventoryService.swift /Users/samviers/Desktop/tinttrack/TintTrack/Services/InventoryService.swift (in target 'TintTrack' from project 'TintTrack')

SwiftCompile normal arm64 /Users/samviers/Desktop/tinttrack/TintTrack/Services/InventoryService.swift (in target 'TintTrack' from project 'TintTrack')
    cd /Users/samviers/Desktop/tinttrack
    

SwiftEmitModule normal arm64 Emitting\ module\ for\ TintTrack (in target 'TintTrack' from project 'TintTrack')

EmitSwiftModule normal arm64 (in target 'TintTrack' from project 'TintTrack')
    cd /Users/samviers/Desktop/tinttrack
    

SwiftCompile normal arm64 Compiling\ InventoryItem.swift /Users/samviers/Desktop/tinttrack/TintTrack/Models/InventoryItem.swift (in target 'TintTrack' from project 'TintTrack')

SwiftCompile normal arm64 /Users/samviers/Desktop/tinttrack/TintTrack/Models/InventoryItem.swift (in target 'TintTrack' from project 'TintTrack')
    cd /Users/samviers/Desktop/tinttrack
    

SwiftCompile normal arm64 Compiling\ InventoryCategoryDetailView.swift /Users/samviers/Desktop/tinttrack/TintTrack/Features/Inventory/InventoryCategoryDetailView.swift (in target 'TintTrack' from project 'TintTrack')

SwiftCompile normal arm64 /Users/samviers/Desktop/tinttrack/TintTrack/Features/Inventory/InventoryCategoryDetailView.swift (in target 'TintTrack' from project 'TintTrack')
    cd /Users/samviers/Desktop/tinttrack
    

SwiftCompile normal arm64 Compiling\ BulkAddShadesView.swift /Users/samviers/Desktop/tinttrack/TintTrack/Features/Inventory/BulkAddShadesView.swift (in target 'TintTrack' from project 'TintTrack')

SwiftCompile normal arm64 /Users/samviers/Desktop/tinttrack/TintTrack/Features/Inventory/BulkAddShadesView.swift (in target 'TintTrack' from project 'TintTrack')
    cd /Users/samviers/Desktop/tinttrack
    

SwiftCompile normal arm64 Compiling\ InventoryItemRow.swift /Users/samviers/Desktop/tinttrack/TintTrack/Features/Inventory/InventoryItemRow.swift (in target 'TintTrack' from project 'TintTrack')

SwiftCompile normal arm64 /Users/samviers/Desktop/tinttrack/TintTrack/Features/Inventory/InventoryItemRow.swift (in target 'TintTrack' from project 'TintTrack')
    cd /Users/samviers/Desktop/tinttrack
    

SwiftCompile normal arm64 Compiling\ QuickAddInventoryItemView.swift /Users/samviers/Desktop/tinttrack/TintTrack/Features/Inventory/QuickAddInventoryItemView.swift (in target 'TintTrack' from project 'TintTrack')

SwiftCompile normal arm64 /Users/samviers/Desktop/tinttrack/TintTrack/Features/Inventory/QuickAddInventoryItemView.swift (in target 'TintTrack' from project 'TintTrack')
    cd /Users/samviers/Desktop/tinttrack
    

SwiftCompile normal arm64 Compiling\ InventoryItemDetailView.swift /Users/samviers/Desktop/tinttrack/TintTrack/Features/Inventory/InventoryItemDetailView.swift (in target 'TintTrack' from project 'TintTrack')
SwiftCompile normal arm64 /Users/samviers/Desktop/tinttrack/TintTrack/Features/Inventory/InventoryItemDetailView.swift (in target 'TintTrack' from project 'TintTrack')
    cd /Users/samviers/Desktop/tinttrack
    

SwiftDriverJobDiscovery normal arm64 Compiling InventoryService.swift (in target 'TintTrack' from project 'TintTrack')

SwiftDriverJobDiscovery normal arm64 Compiling InventoryItem.swift (in target 'TintTrack' from project 'TintTrack')

SwiftCompile normal arm64 Compiling\ TintTrackApp.swift /Users/samviers/Desktop/tinttrack/TintTrack/App/TintTrackApp.swift (in target 'TintTrack' from project 'TintTrack')

SwiftCompile normal arm64 /Users/samviers/Desktop/tinttrack/TintTrack/App/TintTrackApp.swift (in target 'TintTrack' from project 'TintTrack')
    cd /Users/samviers/Desktop/tinttrack
    

SwiftCompile normal arm64 Compiling\ ClientDetailView.swift,\ ContentView.swift /Users/samviers/Desktop/tinttrack/TintTrack/Features/Clients/ClientDetailView.swift /Users/samviers/Desktop/tinttrack/TintTrack/App/ContentView.swift (in target 'TintTrack' from project 'TintTrack')

SwiftCompile normal arm64 /Users/samviers/Desktop/tinttrack/TintTrack/Features/Clients/ClientDetailView.swift (in target 'TintTrack' from project 'TintTrack')
    cd /Users/samviers/Desktop/tinttrack
    

SwiftCompile normal arm64 /Users/samviers/Desktop/tinttrack/TintTrack/App/ContentView.swift (in target 'TintTrack' from project 'TintTrack')
    cd /Users/samviers/Desktop/tinttrack
    

SwiftDriverJobDiscovery normal arm64 Compiling InventoryItemRow.swift (in target 'TintTrack' from project 'TintTrack')

SwiftCompile normal arm64 Compiling\ InventoryRootView.swift /Users/samviers/Desktop/tinttrack/TintTrack/Features/Inventory/InventoryRootView.swift (in target 'TintTrack' from project 'TintTrack')
SwiftCompile normal arm64 /Users/samviers/Desktop/tinttrack/TintTrack/Features/Inventory/InventoryRootView.swift (in target 'TintTrack' from project 'TintTrack')
    cd /Users/samviers/Desktop/tinttrack
    

SwiftDriverJobDiscovery normal arm64 Compiling InventoryCategoryDetailView.swift (in target 'TintTrack' from project 'TintTrack')

SwiftCompile normal arm64 Compiling\ FormulaEditorView.swift,\ FormulaLineItem.swift /Users/samviers/Desktop/tinttrack/TintTrack/Features/Clients/FormulaEditorView.swift /Users/samviers/Desktop/tinttrack/TintTrack/Models/FormulaLineItem.swift (in target 'TintTrack' from project 'TintTrack')

SwiftCompile normal arm64 /Users/samviers/Desktop/tinttrack/TintTrack/Features/Clients/FormulaEditorView.swift (in target 'TintTrack' from project 'TintTrack')
    cd /Users/samviers/Desktop/tinttrack
    

SwiftCompile normal arm64 /Users/samviers/Desktop/tinttrack/TintTrack/Models/FormulaLineItem.swift (in target 'TintTrack' from project 'TintTrack')
    cd /Users/samviers/Desktop/tinttrack
    

SwiftDriverJobDiscovery normal arm64 Compiling QuickAddInventoryItemView.swift (in target 'TintTrack' from project 'TintTrack')

SwiftCompile normal arm64 Compiling\ FormulaService.swift,\ InventoryItemDisplay.swift /Users/samviers/Desktop/tinttrack/TintTrack/Services/FormulaService.swift /Users/samviers/Desktop/tinttrack/TintTrack/Models/InventoryItemDisplay.swift (in target 'TintTrack' from project 'TintTrack')

SwiftCompile normal arm64 /Users/samviers/Desktop/tinttrack/TintTrack/Services/FormulaService.swift (in target 'TintTrack' from project 'TintTrack')
    cd /Users/samviers/Desktop/tinttrack
    

SwiftCompile normal arm64 /Users/samviers/Desktop/tinttrack/TintTrack/Models/InventoryItemDisplay.swift (in target 'TintTrack' from project 'TintTrack')
    cd /Users/samviers/Desktop/tinttrack
    

SwiftDriverJobDiscovery normal arm64 Emitting module for TintTrack (in target 'TintTrack' from project 'TintTrack')

SwiftDriver\ Compilation\ Requirements TintTrack normal arm64 com.apple.xcode.tools.swift.compiler (in target 'TintTrack' from project 'TintTrack')
    cd /Users/samviers/Desktop/tinttrack
    builtin-Swift-Compilation-Requirements -- /Applications/Xcode.app/Contents/Developer/Toolchains/XcodeDefault.xctoolchain/usr/bin/swiftc -module-name TintTrack -Onone -enforce-exclusivity\=checked @/Users/samviers/Desktop/tinttrack/build/DerivedData/Build/Intermediates.noindex/TintTrack.build/Debug-iphoneos/TintTrack.build/Objects-normal/arm64/TintTrack.SwiftFileList -DDEBUG -enable-experimental-feature DebugDescriptionMacro -sdk /Applications/Xcode.app/Contents/Developer/Platforms/iPhoneOS.platform/Developer/SDKs/iPhoneOS26.2.sdk -target arm64-apple-ios18.0 -g -module-cache-path /Users/samviers/Desktop/tinttrack/build/DerivedData/ModuleCache.noindex -Xfrontend -serialize-debugging-options -profile-coverage-mapping -profile-generate -enable-testing -index-store-path /Users/samviers/Desktop/tinttrack/build/DerivedData/Index.noindex/DataStore -Xcc -D_LIBCPP_HARDENING_MODE\=_LIBCPP_HARDENING_MODE_DEBUG -swift-version 6 -I /Users/samviers/Desktop/tinttrack/build/DerivedData/Build/Products/Debug-iphoneos -F /Users/samviers/Desktop/tinttrack/build/DerivedData/Build/Products/Debug-iphoneos -c -j8 -enable-batch-mode -incremental -Xcc -ivfsstatcache -Xcc /Users/samviers/Desktop/tinttrack/build/DerivedData/SDKStatCaches.noindex/iphoneos26.2-23C53-3794476bd08197c3e2abd9bb477ef7f7.sdkstatcache -output-file-map /Users/samviers/Desktop/tinttrack/build/DerivedData/Build/Intermediates.noindex/TintTrack.build/Debug-iphoneos/TintTrack.build/Objects-normal/arm64/TintTrack-OutputFileMap.json -use-frontend-parseable-output -save-temps -no-color-diagnostics -explicit-module-build -module-cache-path /Users/samviers/Desktop/tinttrack/build/DerivedData/Build/Intermediates.noindex/SwiftExplicitPrecompiledModules -clang-scanner-module-cache-path /Users/samviers/Desktop/tinttrack/build/DerivedData/ModuleCache.noindex -sdk-module-cache-path /Users/samviers/Desktop/tinttrack/build/DerivedData/ModuleCache.noindex -serialize-diagnostics -emit-dependencies -emit-module -emit-module-path /Users/samviers/Desktop/tinttrack/build/DerivedData/Build/Intermediates.noindex/TintTrack.build/Debug-iphoneos/TintTrack.build/Objects-normal/arm64/TintTrack.swiftmodule -validate-clang-modules-once -clang-build-session-file /Users/samviers/Desktop/tinttrack/build/DerivedData/ModuleCache.noindex/Session.modulevalidation -Xcc -I/Users/samviers/Desktop/tinttrack/build/DerivedData/Build/Intermediates.noindex/TintTrack.build/Debug-iphoneos/TintTrack.build/swift-overrides.hmap -emit-const-values -Xfrontend -const-gather-protocols-file -Xfrontend /Users/samviers/Desktop/tinttrack/build/DerivedData/Build/Intermediates.noindex/TintTrack.build/Debug-iphoneos/TintTrack.build/Objects-normal/arm64/TintTrack_const_extract_protocols.json -Xcc -iquote -Xcc /Users/samviers/Desktop/tinttrack/build/DerivedData/Build/Intermediates.noindex/TintTrack.build/Debug-iphoneos/TintTrack.build/TintTrack-generated-files.hmap -Xcc -I/Users/samviers/Desktop/tinttrack/build/DerivedData/Build/Intermediates.noindex/TintTrack.build/Debug-iphoneos/TintTrack.build/TintTrack-own-target-headers.hmap -Xcc -I/Users/samviers/Desktop/tinttrack/build/DerivedData/Build/Intermediates.noindex/TintTrack.build/Debug-iphoneos/TintTrack.build/TintTrack-all-target-headers.hmap -Xcc -iquote -Xcc /Users/samviers/Desktop/tinttrack/build/DerivedData/Build/Intermediates.noindex/TintTrack.build/Debug-iphoneos/TintTrack.build/TintTrack-project-headers.hmap -Xcc -I/Users/samviers/Desktop/tinttrack/build/DerivedData/Build/Products/Debug-iphoneos/include -Xcc -I/Users/samviers/Desktop/tinttrack/build/DerivedData/Build/Intermediates.noindex/TintTrack.build/Debug-iphoneos/TintTrack.build/DerivedSources-normal/arm64 -Xcc -I/Users/samviers/Desktop/tinttrack/build/DerivedData/Build/Intermediates.noindex/TintTrack.build/Debug-iphoneos/TintTrack.build/DerivedSources/arm64 -Xcc -I/Users/samviers/Desktop/tinttrack/build/DerivedData/Build/Intermediates.noindex/TintTrack.build/Debug-iphoneos/TintTrack.build/DerivedSources -Xcc -DDEBUG\=1 -emit-objc-header -emit-objc-header-path /Users/samviers/Desktop/tinttrack/build/DerivedData/Build/Intermediates.noindex/TintTrack.build/Debug-iphoneos/TintTrack.build/Objects-normal/arm64/TintTrack-Swift.h -working-directory /Users/samviers/Desktop/tinttrack -experimental-emit-module-separately -disable-cmo

SwiftDriverJobDiscovery normal arm64 Compiling BulkAddShadesView.swift (in target 'TintTrack' from project 'TintTrack')

SwiftCompile normal arm64 Compiling\ DraftFormula.swift,\ DraftLineItem.swift /Users/samviers/Desktop/tinttrack/TintTrack/Features/Clients/DraftFormula.swift /Users/samviers/Desktop/tinttrack/TintTrack/Features/Clients/DraftLineItem.swift (in target 'TintTrack' from project 'TintTrack')

SwiftCompile normal arm64 /Users/samviers/Desktop/tinttrack/TintTrack/Features/Clients/DraftFormula.swift (in target 'TintTrack' from project 'TintTrack')
    cd /Users/samviers/Desktop/tinttrack
    

SwiftCompile normal arm64 /Users/samviers/Desktop/tinttrack/TintTrack/Features/Clients/DraftLineItem.swift (in target 'TintTrack' from project 'TintTrack')
    cd /Users/samviers/Desktop/tinttrack
    

Copy /Users/samviers/Desktop/tinttrack/build/DerivedData/Build/Products/Debug-iphoneos/TintTrack.swiftmodule/arm64-apple-ios.swiftmodule /Users/samviers/Desktop/tinttrack/build/DerivedData/Build/Intermediates.noindex/TintTrack.build/Debug-iphoneos/TintTrack.build/Objects-normal/arm64/TintTrack.swiftmodule (in target 'TintTrack' from project 'TintTrack')
    cd /Users/samviers/Desktop/tinttrack
    builtin-copy -exclude .DS_Store -exclude CVS -exclude .svn -exclude .git -exclude .hg -resolve-src-symlinks -rename /Users/samviers/Desktop/tinttrack/build/DerivedData/Build/Intermediates.noindex/TintTrack.build/Debug-iphoneos/TintTrack.build/Objects-normal/arm64/TintTrack.swiftmodule /Users/samviers/Desktop/tinttrack/build/DerivedData/Build/Products/Debug-iphoneos/TintTrack.swiftmodule/arm64-apple-ios.swiftmodule

SwiftDriverJobDiscovery normal arm64 Compiling TintTrackApp.swift (in target 'TintTrack' from project 'TintTrack')

Copy /Users/samviers/Desktop/tinttrack/build/DerivedData/Build/Products/Debug-iphoneos/TintTrack.swiftmodule/arm64-apple-ios.abi.json /Users/samviers/Desktop/tinttrack/build/DerivedData/Build/Intermediates.noindex/TintTrack.build/Debug-iphoneos/TintTrack.build/Objects-normal/arm64/TintTrack.abi.json (in target 'TintTrack' from project 'TintTrack')
    cd /Users/samviers/Desktop/tinttrack
    builtin-copy -exclude .DS_Store -exclude CVS -exclude .svn -exclude .git -exclude .hg -resolve-src-symlinks -rename /Users/samviers/Desktop/tinttrack/build/DerivedData/Build/Intermediates.noindex/TintTrack.build/Debug-iphoneos/TintTrack.build/Objects-normal/arm64/TintTrack.abi.json /Users/samviers/Desktop/tinttrack/build/DerivedData/Build/Products/Debug-iphoneos/TintTrack.swiftmodule/arm64-apple-ios.abi.json

Copy /Users/samviers/Desktop/tinttrack/build/DerivedData/Build/Products/Debug-iphoneos/TintTrack.swiftmodule/Project/arm64-apple-ios.swiftsourceinfo /Users/samviers/Desktop/tinttrack/build/DerivedData/Build/Intermediates.noindex/TintTrack.build/Debug-iphoneos/TintTrack.build/Objects-normal/arm64/TintTrack.swiftsourceinfo (in target 'TintTrack' from project 'TintTrack')
    cd /Users/samviers/Desktop/tinttrack
    builtin-copy -exclude .DS_Store -exclude CVS -exclude .svn -exclude .git -exclude .hg -resolve-src-symlinks -rename /Users/samviers/Desktop/tinttrack/build/DerivedData/Build/Intermediates.noindex/TintTrack.build/Debug-iphoneos/TintTrack.build/Objects-normal/arm64/TintTrack.swiftsourceinfo /Users/samviers/Desktop/tinttrack/build/DerivedData/Build/Products/Debug-iphoneos/TintTrack.swiftmodule/Project/arm64-apple-ios.swiftsourceinfo

SwiftCompile normal arm64 Compiling\ InventoryTransaction.swift /Users/samviers/Desktop/tinttrack/TintTrack/Models/InventoryTransaction.swift (in target 'TintTrack' from project 'TintTrack')

SwiftCompile normal arm64 /Users/samviers/Desktop/tinttrack/TintTrack/Models/InventoryTransaction.swift (in target 'TintTrack' from project 'TintTrack')
    cd /Users/samviers/Desktop/tinttrack
    

SwiftCompile normal arm64 Compiling\ NewVisitView.swift /Users/samviers/Desktop/tinttrack/TintTrack/Features/Clients/NewVisitView.swift (in target 'TintTrack' from project 'TintTrack')
SwiftCompile normal arm64 /Users/samviers/Desktop/tinttrack/TintTrack/Features/Clients/NewVisitView.swift (in target 'TintTrack' from project 'TintTrack')
    cd /Users/samviers/Desktop/tinttrack
    

SwiftDriverJobDiscovery normal arm64 Compiling ClientDetailView.swift, ContentView.swift (in target 'TintTrack' from project 'TintTrack')

SwiftDriverJobDiscovery normal arm64 Compiling DraftFormula.swift, DraftLineItem.swift (in target 'TintTrack' from project 'TintTrack')

SwiftDriverJobDiscovery normal arm64 Compiling FormulaService.swift, InventoryItemDisplay.swift (in target 'TintTrack' from project 'TintTrack')

SwiftDriverJobDiscovery normal arm64 Compiling AddFormulaLineItemView.swift, AdjustStockView.swift (in target 'TintTrack' from project 'TintTrack')

SwiftDriverJobDiscovery normal arm64 Compiling InventoryTransaction.swift (in target 'TintTrack' from project 'TintTrack')

SwiftDriverJobDiscovery normal arm64 Compiling InventoryItemDetailView.swift (in target 'TintTrack' from project 'TintTrack')

SwiftDriverJobDiscovery normal arm64 Compiling FormulaEditorView.swift, FormulaLineItem.swift (in target 'TintTrack' from project 'TintTrack')

SwiftDriverJobDiscovery normal arm64 Compiling InventoryRootView.swift (in target 'TintTrack' from project 'TintTrack')

SwiftDriverJobDiscovery normal arm64 Compiling NewVisitView.swift (in target 'TintTrack' from project 'TintTrack')

SwiftDriver\ Compilation TintTrack normal arm64 com.apple.xcode.tools.swift.compiler (in target 'TintTrack' from project 'TintTrack')
    cd /Users/samviers/Desktop/tinttrack
    builtin-Swift-Compilation -- /Applications/Xcode.app/Contents/Developer/Toolchains/XcodeDefault.xctoolchain/usr/bin/swiftc -module-name TintTrack -Onone -enforce-exclusivity\=checked @/Users/samviers/Desktop/tinttrack/build/DerivedData/Build/Intermediates.noindex/TintTrack.build/Debug-iphoneos/TintTrack.build/Objects-normal/arm64/TintTrack.SwiftFileList -DDEBUG -enable-experimental-feature DebugDescriptionMacro -sdk /Applications/Xcode.app/Contents/Developer/Platforms/iPhoneOS.platform/Developer/SDKs/iPhoneOS26.2.sdk -target arm64-apple-ios18.0 -g -module-cache-path /Users/samviers/Desktop/tinttrack/build/DerivedData/ModuleCache.noindex -Xfrontend -serialize-debugging-options -profile-coverage-mapping -profile-generate -enable-testing -index-store-path /Users/samviers/Desktop/tinttrack/build/DerivedData/Index.noindex/DataStore -Xcc -D_LIBCPP_HARDENING_MODE\=_LIBCPP_HARDENING_MODE_DEBUG -swift-version 6 -I /Users/samviers/Desktop/tinttrack/build/DerivedData/Build/Products/Debug-iphoneos -F /Users/samviers/Desktop/tinttrack/build/DerivedData/Build/Products/Debug-iphoneos -c -j8 -enable-batch-mode -incremental -Xcc -ivfsstatcache -Xcc /Users/samviers/Desktop/tinttrack/build/DerivedData/SDKStatCaches.noindex/iphoneos26.2-23C53-3794476bd08197c3e2abd9bb477ef7f7.sdkstatcache -output-file-map /Users/samviers/Desktop/tinttrack/build/DerivedData/Build/Intermediates.noindex/TintTrack.build/Debug-iphoneos/TintTrack.build/Objects-normal/arm64/TintTrack-OutputFileMap.json -use-frontend-parseable-output -save-temps -no-color-diagnostics -explicit-module-build -module-cache-path /Users/samviers/Desktop/tinttrack/build/DerivedData/Build/Intermediates.noindex/SwiftExplicitPrecompiledModules -clang-scanner-module-cache-path /Users/samviers/Desktop/tinttrack/build/DerivedData/ModuleCache.noindex -sdk-module-cache-path /Users/samviers/Desktop/tinttrack/build/DerivedData/ModuleCache.noindex -serialize-diagnostics -emit-dependencies -emit-module -emit-module-path /Users/samviers/Desktop/tinttrack/build/DerivedData/Build/Intermediates.noindex/TintTrack.build/Debug-iphoneos/TintTrack.build/Objects-normal/arm64/TintTrack.swiftmodule -validate-clang-modules-once -clang-build-session-file /Users/samviers/Desktop/tinttrack/build/DerivedData/ModuleCache.noindex/Session.modulevalidation -Xcc -I/Users/samviers/Desktop/tinttrack/build/DerivedData/Build/Intermediates.noindex/TintTrack.build/Debug-iphoneos/TintTrack.build/swift-overrides.hmap -emit-const-values -Xfrontend -const-gather-protocols-file -Xfrontend /Users/samviers/Desktop/tinttrack/build/DerivedData/Build/Intermediates.noindex/TintTrack.build/Debug-iphoneos/TintTrack.build/Objects-normal/arm64/TintTrack_const_extract_protocols.json -Xcc -iquote -Xcc /Users/samviers/Desktop/tinttrack/build/DerivedData/Build/Intermediates.noindex/TintTrack.build/Debug-iphoneos/TintTrack.build/TintTrack-generated-files.hmap -Xcc -I/Users/samviers/Desktop/tinttrack/build/DerivedData/Build/Intermediates.noindex/TintTrack.build/Debug-iphoneos/TintTrack.build/TintTrack-own-target-headers.hmap -Xcc -I/Users/samviers/Desktop/tinttrack/build/DerivedData/Build/Intermediates.noindex/TintTrack.build/Debug-iphoneos/TintTrack.build/TintTrack-all-target-headers.hmap -Xcc -iquote -Xcc /Users/samviers/Desktop/tinttrack/build/DerivedData/Build/Intermediates.noindex/TintTrack.build/Debug-iphoneos/TintTrack.build/TintTrack-project-headers.hmap -Xcc -I/Users/samviers/Desktop/tinttrack/build/DerivedData/Build/Products/Debug-iphoneos/include -Xcc -I/Users/samviers/Desktop/tinttrack/build/DerivedData/Build/Intermediates.noindex/TintTrack.build/Debug-iphoneos/TintTrack.build/DerivedSources-normal/arm64 -Xcc -I/Users/samviers/Desktop/tinttrack/build/DerivedData/Build/Intermediates.noindex/TintTrack.build/Debug-iphoneos/TintTrack.build/DerivedSources/arm64 -Xcc -I/Users/samviers/Desktop/tinttrack/build/DerivedData/Build/Intermediates.noindex/TintTrack.build/Debug-iphoneos/TintTrack.build/DerivedSources -Xcc -DDEBUG\=1 -emit-objc-header -emit-objc-header-path /Users/samviers/Desktop/tinttrack/build/DerivedData/Build/Intermediates.noindex/TintTrack.build/Debug-iphoneos/TintTrack.build/Objects-normal/arm64/TintTrack-Swift.h -working-directory /Users/samviers/Desktop/tinttrack -experimental-emit-module-separately -disable-cmo

Ld /Users/samviers/Desktop/tinttrack/build/DerivedData/Build/Products/Debug-iphoneos/TintTrack.app/TintTrack.debug.dylib normal (in target 'TintTrack' from project 'TintTrack')
    cd /Users/samviers/Desktop/tinttrack
    /Applications/Xcode.app/Contents/Developer/Toolchains/XcodeDefault.xctoolchain/usr/bin/clang -Xlinker -reproducible -target arm64-apple-ios18.0 -dynamiclib -isysroot /Applications/Xcode.app/Contents/Developer/Platforms/iPhoneOS.platform/Developer/SDKs/iPhoneOS26.2.sdk -O0 -L/Users/samviers/Desktop/tinttrack/build/DerivedData/Build/Intermediates.noindex/EagerLinkingTBDs/Debug-iphoneos -L/Users/samviers/Desktop/tinttrack/build/DerivedData/Build/Products/Debug-iphoneos -F/Users/samviers/Desktop/tinttrack/build/DerivedData/Build/Intermediates.noindex/EagerLinkingTBDs/Debug-iphoneos -F/Users/samviers/Desktop/tinttrack/build/DerivedData/Build/Products/Debug-iphoneos -filelist /Users/samviers/Desktop/tinttrack/build/DerivedData/Build/Intermediates.noindex/TintTrack.build/Debug-iphoneos/TintTrack.build/Objects-normal/arm64/TintTrack.LinkFileList -install_name @rpath/TintTrack.debug.dylib -Xlinker -rpath -Xlinker /usr/lib/swift -Xlinker -rpath -Xlinker @executable_path/Frameworks -dead_strip -Xlinker -object_path_lto -Xlinker /Users/samviers/Desktop/tinttrack/build/DerivedData/Build/Intermediates.noindex/TintTrack.build/Debug-iphoneos/TintTrack.build/Objects-normal/arm64/TintTrack_lto.o -rdynamic -Xlinker -no_deduplicate -Xlinker -debug_variant -Xlinker -dependency_info -Xlinker /Users/samviers/Desktop/tinttrack/build/DerivedData/Build/Intermediates.noindex/TintTrack.build/Debug-iphoneos/TintTrack.build/Objects-normal/arm64/TintTrack_dependency_info.dat -fobjc-link-runtime -fprofile-instr-generate -L/Applications/Xcode.app/Contents/Developer/Toolchains/XcodeDefault.xctoolchain/usr/lib/swift/iphoneos -L/usr/lib/swift -Xlinker -add_ast_path -Xlinker /Users/samviers/Desktop/tinttrack/build/DerivedData/Build/Intermediates.noindex/TintTrack.build/Debug-iphoneos/TintTrack.build/Objects-normal/arm64/TintTrack.swiftmodule @/Users/samviers/Desktop/tinttrack/build/DerivedData/Build/Intermediates.noindex/TintTrack.build/Debug-iphoneos/TintTrack.build/Objects-normal/arm64/TintTrack-linker-args.resp -Xlinker -alias -Xlinker _main -Xlinker ___debug_main_executable_dylib_entry_point -o /Users/samviers/Desktop/tinttrack/build/DerivedData/Build/Products/Debug-iphoneos/TintTrack.app/TintTrack.debug.dylib

GenerateDSYMFile /Users/samviers/Desktop/tinttrack/build/DerivedData/Build/Products/Debug-iphoneos/TintTrack.app.dSYM /Users/samviers/Desktop/tinttrack/build/DerivedData/Build/Products/Debug-iphoneos/TintTrack.app/TintTrack.debug.dylib (in target 'TintTrack' from project 'TintTrack')
    cd /Users/samviers/Desktop/tinttrack
    /Applications/Xcode.app/Contents/Developer/Toolchains/XcodeDefault.xctoolchain/usr/bin/dsymutil /Users/samviers/Desktop/tinttrack/build/DerivedData/Build/Products/Debug-iphoneos/TintTrack.app/TintTrack.debug.dylib -o /Users/samviers/Desktop/tinttrack/build/DerivedData/Build/Products/Debug-iphoneos/TintTrack.app.dSYM

ConstructStubExecutorLinkFileList /Users/samviers/Desktop/tinttrack/build/DerivedData/Build/Intermediates.noindex/TintTrack.build/Debug-iphoneos/TintTrack.build/TintTrack-ExecutorLinkFileList-normal-arm64.txt (in target 'TintTrack' from project 'TintTrack')
    cd /Users/samviers/Desktop/tinttrack
    construct-stub-executor-link-file-list /Users/samviers/Desktop/tinttrack/build/DerivedData/Build/Products/Debug-iphoneos/TintTrack.app/TintTrack.debug.dylib /Applications/Xcode.app/Contents/Developer/Platforms/iPhoneOS.platform/Developer/usr/lib/libPreviewsJITStubExecutor_no_swift_entry_point.a /Applications/Xcode.app/Contents/Developer/Platforms/iPhoneOS.platform/Developer/usr/lib/libPreviewsJITStubExecutor.a --output /Users/samviers/Desktop/tinttrack/build/DerivedData/Build/Intermediates.noindex/TintTrack.build/Debug-iphoneos/TintTrack.build/TintTrack-ExecutorLinkFileList-normal-arm64.txt
note: Using stub executor library with Swift entry point. (in target 'TintTrack' from project 'TintTrack')

Ld /Users/samviers/Desktop/tinttrack/build/DerivedData/Build/Products/Debug-iphoneos/TintTrack.app/TintTrack normal (in target 'TintTrack' from project 'TintTrack')
    cd /Users/samviers/Desktop/tinttrack
    /Applications/Xcode.app/Contents/Developer/Toolchains/XcodeDefault.xctoolchain/usr/bin/clang -Xlinker -reproducible -target arm64-apple-ios18.0 -isysroot /Applications/Xcode.app/Contents/Developer/Platforms/iPhoneOS.platform/Developer/SDKs/iPhoneOS26.2.sdk -O0 -L/Users/samviers/Desktop/tinttrack/build/DerivedData/Build/Products/Debug-iphoneos -F/Users/samviers/Desktop/tinttrack/build/DerivedData/Build/Products/Debug-iphoneos -Xlinker -rpath -Xlinker @executable_path -Xlinker -rpath -Xlinker @executable_path/Frameworks -rdynamic -Xlinker -no_deduplicate -Xlinker -debug_variant -e ___debug_blank_executor_main -Xlinker -sectcreate -Xlinker __TEXT -Xlinker __debug_dylib -Xlinker /Users/samviers/Desktop/tinttrack/build/DerivedData/Build/Intermediates.noindex/TintTrack.build/Debug-iphoneos/TintTrack.build/TintTrack-DebugDylibPath-normal-arm64.txt -Xlinker -sectcreate -Xlinker __TEXT -Xlinker __debug_instlnm -Xlinker /Users/samviers/Desktop/tinttrack/build/DerivedData/Build/Intermediates.noindex/TintTrack.build/Debug-iphoneos/TintTrack.build/TintTrack-DebugDylibInstallName-normal-arm64.txt -Xlinker -filelist -Xlinker /Users/samviers/Desktop/tinttrack/build/DerivedData/Build/Intermediates.noindex/TintTrack.build/Debug-iphoneos/TintTrack.build/TintTrack-ExecutorLinkFileList-normal-arm64.txt /Users/samviers/Desktop/tinttrack/build/DerivedData/Build/Products/Debug-iphoneos/TintTrack.app/TintTrack.debug.dylib -o /Users/samviers/Desktop/tinttrack/build/DerivedData/Build/Products/Debug-iphoneos/TintTrack.app/TintTrack

GenerateDSYMFile /Users/samviers/Desktop/tinttrack/build/DerivedData/Build/Products/Debug-iphoneos/TintTrack.app.dSYM /Users/samviers/Desktop/tinttrack/build/DerivedData/Build/Products/Debug-iphoneos/TintTrack.app/TintTrack (in target 'TintTrack' from project 'TintTrack')
    cd /Users/samviers/Desktop/tinttrack
    /Applications/Xcode.app/Contents/Developer/Toolchains/XcodeDefault.xctoolchain/usr/bin/dsymutil -q /Users/samviers/Desktop/tinttrack/build/DerivedData/Build/Products/Debug-iphoneos/TintTrack.app/TintTrack -o /Users/samviers/Desktop/tinttrack/build/DerivedData/Build/Products/Debug-iphoneos/TintTrack.app.dSYM

ExtractAppIntentsMetadata (in target 'TintTrack' from project 'TintTrack')
    cd /Users/samviers/Desktop/tinttrack
    /Applications/Xcode.app/Contents/Developer/Toolchains/XcodeDefault.xctoolchain/usr/bin/appintentsmetadataprocessor --toolchain-dir /Applications/Xcode.app/Contents/Developer/Toolchains/XcodeDefault.xctoolchain --module-name TintTrack --sdk-root /Applications/Xcode.app/Contents/Developer/Platforms/iPhoneOS.platform/Developer/SDKs/iPhoneOS26.2.sdk --xcode-version 17C52 --platform-family iOS --deployment-target 18.0 --bundle-identifier com.yourcompany.tinttrack --output /Users/samviers/Desktop/tinttrack/build/DerivedData/Build/Products/Debug-iphoneos/TintTrack.app --target-triple arm64-apple-ios18.0 --binary-file /Users/samviers/Desktop/tinttrack/build/DerivedData/Build/Products/Debug-iphoneos/TintTrack.app/TintTrack --dependency-file /Users/samviers/Desktop/tinttrack/build/DerivedData/Build/Intermediates.noindex/TintTrack.build/Debug-iphoneos/TintTrack.build/Objects-normal/arm64/TintTrack_dependency_info.dat --stringsdata-file /Users/samviers/Desktop/tinttrack/build/DerivedData/Build/Intermediates.noindex/TintTrack.build/Debug-iphoneos/TintTrack.build/Objects-normal/arm64/ExtractedAppShortcutsMetadata.stringsdata --source-file-list /Users/samviers/Desktop/tinttrack/build/DerivedData/Build/Intermediates.noindex/TintTrack.build/Debug-iphoneos/TintTrack.build/Objects-normal/arm64/TintTrack.SwiftFileList --metadata-file-list /Users/samviers/Desktop/tinttrack/build/DerivedData/Build/Intermediates.noindex/TintTrack.build/Debug-iphoneos/TintTrack.build/TintTrack.DependencyMetadataFileList --static-metadata-file-list /Users/samviers/Desktop/tinttrack/build/DerivedData/Build/Intermediates.noindex/TintTrack.build/Debug-iphoneos/TintTrack.build/TintTrack.DependencyStaticMetadataFileList --swift-const-vals-list /Users/samviers/Desktop/tinttrack/build/DerivedData/Build/Intermediates.noindex/TintTrack.build/Debug-iphoneos/TintTrack.build/Objects-normal/arm64/TintTrack.SwiftConstValuesFileList --compile-time-extraction --deployment-aware-processing --validate-assistant-intents --no-app-shortcuts-localization
2026-01-14 04:21:01.445 appintentsmetadataprocessor[9481:1270778] Starting appintentsmetadataprocessor export
2026-01-14 04:21:01.446 appintentsmetadataprocessor[9481:1270778] warning: Metadata extraction skipped. No AppIntents.framework dependency found.

CopySwiftLibs /Users/samviers/Desktop/tinttrack/build/DerivedData/Build/Products/Debug-iphoneos/TintTrack.app (in target 'TintTrack' from project 'TintTrack')
    cd /Users/samviers/Desktop/tinttrack
    builtin-swiftStdLibTool --copy --verbose --scan-executable /Users/samviers/Desktop/tinttrack/build/DerivedData/Build/Products/Debug-iphoneos/TintTrack.app/TintTrack.debug.dylib --scan-folder /Users/samviers/Desktop/tinttrack/build/DerivedData/Build/Products/Debug-iphoneos/TintTrack.app/Frameworks --scan-folder /Users/samviers/Desktop/tinttrack/build/DerivedData/Build/Products/Debug-iphoneos/TintTrack.app/PlugIns --scan-folder /Users/samviers/Desktop/tinttrack/build/DerivedData/Build/Products/Debug-iphoneos/TintTrack.app/SystemExtensions --scan-folder /Users/samviers/Desktop/tinttrack/build/DerivedData/Build/Products/Debug-iphoneos/TintTrack.app/Extensions --platform iphoneos --toolchain /Applications/Xcode.app/Contents/Developer/Toolchains/XcodeDefault.xctoolchain --destination /Users/samviers/Desktop/tinttrack/build/DerivedData/Build/Products/Debug-iphoneos/TintTrack.app/Frameworks --strip-bitcode --strip-bitcode-tool /Applications/Xcode.app/Contents/Developer/Toolchains/XcodeDefault.xctoolchain/usr/bin/bitcode_strip --emit-dependency-info /Users/samviers/Desktop/tinttrack/build/DerivedData/Build/Intermediates.noindex/TintTrack.build/Debug-iphoneos/TintTrack.build/SwiftStdLibToolInputDependencies.dep --filter-for-swift-os --back-deploy-swift-span
Ignoring --strip-bitcode because --sign was not passed

AppIntentsSSUTraining (in target 'TintTrack' from project 'TintTrack')
    cd /Users/samviers/Desktop/tinttrack
    /Applications/Xcode.app/Contents/Developer/Toolchains/XcodeDefault.xctoolchain/usr/bin/appintentsnltrainingprocessor --infoplist-path /Users/samviers/Desktop/tinttrack/build/DerivedData/Build/Products/Debug-iphoneos/TintTrack.app/Info.plist --temp-dir-path /Users/samviers/Desktop/tinttrack/build/DerivedData/Build/Intermediates.noindex/TintTrack.build/Debug-iphoneos/TintTrack.build/ssu --bundle-id com.yourcompany.tinttrack --product-path /Users/samviers/Desktop/tinttrack/build/DerivedData/Build/Products/Debug-iphoneos/TintTrack.app --extracted-metadata-path /Users/samviers/Desktop/tinttrack/build/DerivedData/Build/Products/Debug-iphoneos/TintTrack.app/Metadata.appintents --metadata-file-list /Users/samviers/Desktop/tinttrack/build/DerivedData/Build/Intermediates.noindex/TintTrack.build/Debug-iphoneos/TintTrack.build/TintTrack.DependencyMetadataFileList --archive-ssu-assets
2026-01-14 04:21:01.471 appintentsnltrainingprocessor[9482:1270785] Parsing options for appintentsnltrainingprocessor
2026-01-14 04:21:01.471 appintentsnltrainingprocessor[9482:1270785] No AppShortcuts found - Skipping.

** BUILD SUCCEEDED **

